<?xml version="1.0" encoding="UTF-8"?>
<!-- Generated by org.testng.reporters.JUnitReportReporter -->
<testsuite hostname="LAPTOP-7RED9BOK" failures="0" tests="1" name="com.saucelabs.SauceLabsAutomationTests" time="16.007" errors="0" timestamp="22 Mar 2025 06:31:28 GMT">
  <testcase classname="com.saucelabs.SauceLabsAutomationTests" name="LoginintoSauceLabs" time="16.007"/>
</testsuite> <!-- com.saucelabs.SauceLabsAutomationTests -->
